  conFPS.cpp
C:\Users\HP\source\repos\conFPS\conFPS\conFPS.cpp(130,36): error C2065: 'tx': undeclared identifier
C:\Users\HP\source\repos\conFPS\conFPS\conFPS.cpp(131,34): error C2065: 'vy': undeclared identifier
C:\Users\HP\source\repos\conFPS\conFPS\conFPS.cpp(131,39): error C2065: 'vy': undeclared identifier
C:\Users\HP\source\repos\conFPS\conFPS\conFPS.cpp(132,49): error C2065: 'vy': undeclared identifier
C:\Users\HP\source\repos\conFPS\conFPS\conFPS.cpp(137,12): error C2065: 'p': undeclared identifier
C:\Users\HP\source\repos\conFPS\conFPS\conFPS.cpp(137,23): error C2065: 'p': undeclared identifier
C:\Users\HP\source\repos\conFPS\conFPS\conFPS.cpp(137,7): error C2672: 'sort': no matching overloaded function found
  C:\Program Files\Microsoft Visual Studio\2022\Community\VC\Tools\MSVC\14.39.33519\include\algorithm(7990,19):
  could be 'void std::sort(const _RanIt,const _RanIt)'
  C:\Program Files\Microsoft Visual Studio\2022\Community\VC\Tools\MSVC\14.39.33519\include\algorithm(7982,19):
  or       'void std::sort(const _RanIt,const _RanIt,_Pr)'
  	C:\Users\HP\source\repos\conFPS\conFPS\conFPS.cpp(137,7):
  	'void std::sort(const _RanIt,const _RanIt,_Pr)': expects 3 arguments - 2 provided
  
C:\Users\HP\source\repos\conFPS\conFPS\conFPS.cpp(140,20): warning C4305: 'initializing': truncation from 'double' to 'float'
C:\Users\HP\source\repos\conFPS\conFPS\conFPS.cpp(141,16): error C2065: 'p': undeclared identifier
C:\Users\HP\source\repos\conFPS\conFPS\conFPS.cpp(142,16): error C2065: 'p': undeclared identifier
C:\Users\HP\source\repos\conFPS\conFPS\conFPS.cpp(143,16): error C2065: 'p': undeclared identifier
C:\Users\HP\source\repos\conFPS\conFPS\conFPS.cpp(149,74): error C2065: 'fDistanceToWall': undeclared identifier
C:\Users\HP\source\repos\conFPS\conFPS\conFPS.cpp(154,8): error C2065: 'fDistanceToWall': undeclared identifier
C:\Users\HP\source\repos\conFPS\conFPS\conFPS.cpp(155,13): error C2065: 'fDistanceToWall': undeclared identifier
C:\Users\HP\source\repos\conFPS\conFPS\conFPS.cpp(156,13): error C2065: 'fDistanceToWall': undeclared identifier
C:\Users\HP\source\repos\conFPS\conFPS\conFPS.cpp(157,13): error C2065: 'fDistanceToWall': undeclared identifier
C:\Users\HP\source\repos\conFPS\conFPS\conFPS.cpp(160,8): error C2065: 'bBoundary': undeclared identifier
C:\Users\HP\source\repos\conFPS\conFPS\conFPS.cpp(166,32): error C2065: 'x': undeclared identifier
C:\Users\HP\source\repos\conFPS\conFPS\conFPS.cpp(168,32): error C2065: 'x': undeclared identifier
C:\Users\HP\source\repos\conFPS\conFPS\conFPS.cpp(178,32): error C2065: 'x': undeclared identifier
C:\Users\HP\source\repos\conFPS\conFPS\conFPS.cpp(184,104): error C2065: 'fElapsedTime': undeclared identifier
C:\Users\HP\source\repos\conFPS\conFPS\conFPS.cpp(184,26): warning C4473: 'swprintf_s' : not enough arguments passed for format string
  C:\Users\HP\source\repos\conFPS\conFPS\conFPS.cpp(184,26):
  placeholders and their parameters expect 4 variadic arguments, but 3 were provided
  C:\Users\HP\source\repos\conFPS\conFPS\conFPS.cpp(184,26):
  the missing variadic argument 4 is required by format string '%3.2f'
  
C:\Users\HP\source\repos\conFPS\conFPS\conFPS.cpp(199,2): error C2059: syntax error: 'return'
C:\Users\HP\source\repos\conFPS\conFPS\conFPS.cpp(200,1): error C2059: syntax error: '}'
C:\Users\HP\source\repos\conFPS\conFPS\conFPS.cpp(200,1): error C2143: syntax error: missing ';' before '}'
